0 info it worked if it ends with ok
1 verbose cli [ 'node', '/usr/local/bin/npm', 'install', '-g', 'grint-cli' ]
2 info using npm@1.3.8
3 info using node@v0.10.18
4 verbose cache add [ 'grint-cli', null ]
5 verbose cache add name=undefined spec="grint-cli" args=["grint-cli",null]
6 verbose parsed url { protocol: null,
6 verbose parsed url   slashes: null,
6 verbose parsed url   auth: null,
6 verbose parsed url   host: null,
6 verbose parsed url   port: null,
6 verbose parsed url   hostname: null,
6 verbose parsed url   hash: null,
6 verbose parsed url   search: null,
6 verbose parsed url   query: null,
6 verbose parsed url   pathname: 'grint-cli',
6 verbose parsed url   path: 'grint-cli',
6 verbose parsed url   href: 'grint-cli' }
7 silly lockFile b50717cf-grint-cli grint-cli
8 verbose lock grint-cli /Users/RobbertWolfs/.npm/b50717cf-grint-cli.lock
9 silly lockFile b50717cf-grint-cli grint-cli
10 silly lockFile b50717cf-grint-cli grint-cli
11 verbose addNamed [ 'grint-cli', '' ]
12 verbose addNamed [ null, '*' ]
13 silly lockFile a69b9529-grint-cli grint-cli@
14 verbose lock grint-cli@ /Users/RobbertWolfs/.npm/a69b9529-grint-cli.lock
15 silly addNameRange { name: 'grint-cli', range: '*', hasData: false }
16 verbose url raw grint-cli
17 verbose url resolving [ 'https://registry.npmjs.org/', './grint-cli' ]
18 verbose url resolved https://registry.npmjs.org/grint-cli
19 info trying registry request attempt 1 at 14:36:58
20 http GET https://registry.npmjs.org/grint-cli
21 http 404 https://registry.npmjs.org/grint-cli
22 silly registry.get cb [ 404,
22 silly registry.get   { server: 'CouchDB/1.3.1 (Erlang OTP/R15B03)',
22 silly registry.get     date: 'Wed, 02 Oct 2013 12:36:59 GMT',
22 silly registry.get     'content-type': 'application/json',
22 silly registry.get     'content-length': '52',
22 silly registry.get     'cache-control': 'must-revalidate' } ]
23 silly lockFile a69b9529-grint-cli grint-cli@
24 silly lockFile a69b9529-grint-cli grint-cli@
25 error 404 'grint-cli' is not in the npm registry.
25 error 404 You should bug the author to publish it
25 error 404
25 error 404 Note that you can also install from a
25 error 404 tarball, folder, or http url, or git url.
26 error System Darwin 12.4.0
27 error command "node" "/usr/local/bin/npm" "install" "-g" "grint-cli"
28 error cwd /Applications/XAMPP/xamppfiles/htdocs/MCT3/Projecten/phone
29 error node -v v0.10.18
30 error npm -v 1.3.8
31 error code E404
32 verbose exit [ 1, true ]
